<?xml version="1.0" encoding="UTF-8"?>
<!-- Generated by org.testng.reporters.JUnitReportReporter -->
<testsuite skipped="0" hostname="DIN16002375" name="com.crm.qa.testcases.HomePageTest" tests="1" failures="0" timestamp="15 Feb 2019 10:10:33 GMT" time="47.977" errors="0">
  <testcase name="verifyContactslinkTest" time="47.977" classname="com.crm.qa.testcases.HomePageTest"/>
</testsuite> <!-- com.crm.qa.testcases.HomePageTest -->
