<?xml version="1.0" encoding="UTF-8"?>
<!-- Generated by org.testng.reporters.JUnitReportReporter -->
<testsuite skipped="0" hostname="deepak-PC" name="com.crm.qa.testcases.LoginPageTest" tests="3" failures="0" timestamp="05 Nov 2018 04:34:45 GMT" time="54.005" errors="0">
  <testcase name="LoginPageTitleTest" time="9.223" classname="com.crm.qa.testcases.LoginPageTest"/>
  <testcase name="LogoimgTest" time="8.901" classname="com.crm.qa.testcases.LoginPageTest"/>
  <testcase name="LoginTest" time="35.881" classname="com.crm.qa.testcases.LoginPageTest"/>
</testsuite> <!-- com.crm.qa.testcases.LoginPageTest -->
