<?xml version="1.0" encoding="UTF-8"?>
<!-- Generated by org.testng.reporters.JUnitReportReporter -->
<testsuite skipped="0" hostname="DIN16002375" name="com.crm.qa.testcases.LoginPageTest" tests="3" failures="0" timestamp="16 Jan 2019 14:47:18 GMT" time="78.959" errors="0">
  <testcase name="LoginPageTitleTest" time="14.901" classname="com.crm.qa.testcases.LoginPageTest"/>
  <testcase name="LogoImgTest" time="24.876" classname="com.crm.qa.testcases.LoginPageTest"/>
  <testcase name="LoginTest" time="39.182" classname="com.crm.qa.testcases.LoginPageTest"/>
</testsuite> <!-- com.crm.qa.testcases.LoginPageTest -->
